<?xml version="1.0" encoding="UTF-8"?>
<testsuites name="001_CURA_TEST_SUITE_LOGIN_AND_NAV_LINKS_VALIDATION" time="21.42" tests="2" failures="0" errors="0">
   <testsuite name="001_CURA_TEST_SUITE_LOGIN_AND_NAV_LINKS_VALIDATION" tests="2" failures="0" errors="0" time="21.42" skipped="0" timestamp="15-01-2024T17:45:04" hostname="mohamed irfaan - Kai-Hiwatari" id="Test Suites/001_CURA_TEST_SUITE_LOGIN_AND_NAV_LINKS_VALIDATION">
      <properties>
         <property name="deviceName" value=""/>
         <property name="devicePlatform" value=""/>
         <property name="logFolder" value="D:\\git\\SI-GuidedProject-705137-1704818346\\CURA_Health_Care\\Reports\\20240115_174456\\001_CURA_TEST_SUITE_LOGIN_AND_NAV_LINKS_VALIDATION\\20240115_174456"/>
         <property name="logFiles" value="D:\\git\\SI-GuidedProject-705137-1704818346\\CURA_Health_Care\\Reports\\20240115_174456\\001_CURA_TEST_SUITE_LOGIN_AND_NAV_LINKS_VALIDATION\\20240115_174456\\execution0.log"/>
         <property name="attachments" value=""/>
         <property name="hostName" value="mohamed irfaan - Kai-Hiwatari"/>
         <property name="os" value="Windows 11 64bit"/>
         <property name="katalonVersion" value="9.1.0.212"/>
         <property name="browser" value="Chrome 120.0.0.0"/>
         <property name="hostAddress" value="192.168.43.248"/>
         <property name="sessionId" value="6c9fc90c3163ed4de1e60ab4451c2a2f"/>
         <property name="seleniumVersion" value="3.141.59"/>
         <property name="proxyInformation" value="ProxyInformation { proxyOption=NO_PROXY, proxyServerType=HTTP, username=, password=********, proxyServerAddress=, proxyServerPort=0, executionList=&quot;&quot;, isApplyToDesiredCapabilities=true }"/>
         <property name="platform" value="Windows 11"/>
      </properties>
      <testcase name="Test Cases/001_CURA_Login_Validation" time="14.713" classname="Test Cases/001_CURA_Login_Validation" status="PASSED">
         <system-out><![CDATA[15-01-2024T17:45:04 - [TEST_CASE][PASSED] - Test Cases/001_CURA_Login_Validation: Test Cases/001_CURA_Login_Validation

15-01-2024T17:45:05 - [TEST_STEP][PASSED] - openBrowser(""): Browser is opened with url: ''

15-01-2024T17:45:05 - [MESSAGE][INFO] - Starting 'Chrome' driver

15-01-2024T17:45:05 - [MESSAGE][INFO] - Action delay is set to 0 milliseconds

15-01-2024T17:45:09 - [MESSAGE][PASSED] - Browser is opened with url: ''

15-01-2024T17:45:09 - [TEST_STEP][PASSED] - navigateToUrl("https://katalon-demo-cura.herokuapp.com/"): Navigate to 'https://katalon-demo-cura.herokuapp.com/' successfully

15-01-2024T17:45:14 - [MESSAGE][PASSED] - Navigate to 'https://katalon-demo-cura.herokuapp.com/' successfully

15-01-2024T17:45:14 - [TEST_STEP][PASSED] - click(findTestObject("Object Repository/Page_CURA Healthcare Service/i_fa fa-bars")): Object: 'Object Repository/Page_CURA Healthcare Service/i_fa fa-bars' is clicked on

15-01-2024T17:45:14 - [MESSAGE][PASSED] - Object: 'Object Repository/Page_CURA Healthcare Service/i_fa fa-bars' is clicked on

15-01-2024T17:45:14 - [TEST_STEP][PASSED] - click(findTestObject("Object Repository/Page_CURA Healthcare Service/a_Login")): Object: 'Object Repository/Page_CURA Healthcare Service/a_Login' is clicked on

15-01-2024T17:45:16 - [MESSAGE][PASSED] - Object: 'Object Repository/Page_CURA Healthcare Service/a_Login' is clicked on

15-01-2024T17:45:16 - [TEST_STEP][PASSED] - setText(findTestObject("Object Repository/Page_CURA Healthcare Service/input_username"), "John Doe"): Text 'John Doe' is set on object 'Object Repository/Page_CURA Healthcare Service/input_username'

15-01-2024T17:45:17 - [MESSAGE][PASSED] - Text 'John Doe' is set on object 'Object Repository/Page_CURA Healthcare Service/input_username'

15-01-2024T17:45:17 - [TEST_STEP][PASSED] - setEncryptedText(findTestObject("Object Repository/Page_CURA Healthcare Service/input_password"), "g3/DOGG74jC3Flrr3yH+3D/yKbOqqUNM"): Text ****** has been set on object 'Object Repository/Page_CURA Healthcare Service/input_password'

15-01-2024T17:45:17 - [MESSAGE][PASSED] - Text ****** has been set on object 'Object Repository/Page_CURA Healthcare Service/input_password'

15-01-2024T17:45:17 - [TEST_STEP][PASSED] - click(findTestObject("Object Repository/Page_CURA Healthcare Service/button_Login")): Object: 'Object Repository/Page_CURA Healthcare Service/button_Login' is clicked on

15-01-2024T17:45:19 - [MESSAGE][PASSED] - Object: 'Object Repository/Page_CURA Healthcare Service/button_Login' is clicked on

15-01-2024T17:45:19 - [TEST_STEP][PASSED] - click(findTestObject("Object Repository/Page_CURA Healthcare Service/h2_Make Appointment")): Object: 'Object Repository/Page_CURA Healthcare Service/h2_Make Appointment' is clicked on

15-01-2024T17:45:19 - [MESSAGE][PASSED] - Object: 'Object Repository/Page_CURA Healthcare Service/h2_Make Appointment' is clicked on]]></system-out>
         <system-err><![CDATA[]]></system-err>
      </testcase>
      <testcase name="Test Cases/002_CURA_Navbar_Links_Validation" time="6.443" classname="Test Cases/002_CURA_Navbar_Links_Validation" status="PASSED">
         <system-out><![CDATA[15-01-2024T17:45:19 - [TEST_CASE][PASSED] - Test Cases/002_CURA_Navbar_Links_Validation: Test Cases/002_CURA_Navbar_Links_Validation

15-01-2024T17:45:19 - [TEST_STEP][PASSED] - click(findTestObject("Object Repository/Page_CURA Healthcare Service/amenu-toggle")): Object: 'Object Repository/Page_CURA Healthcare Service/amenu-toggle' is clicked on

15-01-2024T17:45:20 - [MESSAGE][PASSED] - Object: 'Object Repository/Page_CURA Healthcare Service/amenu-toggle' is clicked on

15-01-2024T17:45:20 - [TEST_STEP][PASSED] - click(findTestObject("Object Repository/Page_CURA Healthcare Service/a_Home")): Object: 'Object Repository/Page_CURA Healthcare Service/a_Home' is clicked on

15-01-2024T17:45:21 - [MESSAGE][PASSED] - Object: 'Object Repository/Page_CURA Healthcare Service/a_Home' is clicked on

15-01-2024T17:45:21 - [TEST_STEP][PASSED] - click(findTestObject("Object Repository/Page_CURA Healthcare Service/h1_CURA Healthcare Service")): Object: 'Object Repository/Page_CURA Healthcare Service/h1_CURA Healthcare Service' is clicked on

15-01-2024T17:45:21 - [MESSAGE][PASSED] - Object: 'Object Repository/Page_CURA Healthcare Service/h1_CURA Healthcare Service' is clicked on

15-01-2024T17:45:21 - [TEST_STEP][PASSED] - click(findTestObject("Object Repository/Page_CURA Healthcare Service/amenu-toggle")): Object: 'Object Repository/Page_CURA Healthcare Service/amenu-toggle' is clicked on

15-01-2024T17:45:22 - [MESSAGE][PASSED] - Object: 'Object Repository/Page_CURA Healthcare Service/amenu-toggle' is clicked on

15-01-2024T17:45:22 - [TEST_STEP][PASSED] - click(findTestObject("Object Repository/Page_CURA Healthcare Service/a_History")): Object: 'Object Repository/Page_CURA Healthcare Service/a_History' is clicked on

15-01-2024T17:45:23 - [MESSAGE][PASSED] - Object: 'Object Repository/Page_CURA Healthcare Service/a_History' is clicked on

15-01-2024T17:45:23 - [TEST_STEP][PASSED] - click(findTestObject("Object Repository/Page_CURA Healthcare Service/h2_History")): Object: 'Object Repository/Page_CURA Healthcare Service/h2_History' is clicked on

15-01-2024T17:45:23 - [MESSAGE][PASSED] - Object: 'Object Repository/Page_CURA Healthcare Service/h2_History' is clicked on

15-01-2024T17:45:23 - [TEST_STEP][PASSED] - click(findTestObject("Object Repository/Page_CURA Healthcare Service/i_fa fa-bars")): Object: 'Object Repository/Page_CURA Healthcare Service/i_fa fa-bars' is clicked on

15-01-2024T17:45:24 - [MESSAGE][PASSED] - Object: 'Object Repository/Page_CURA Healthcare Service/i_fa fa-bars' is clicked on

15-01-2024T17:45:24 - [TEST_STEP][PASSED] - click(findTestObject("Object Repository/Page_CURA Healthcare Service/a_Profile")): Object: 'Object Repository/Page_CURA Healthcare Service/a_Profile' is clicked on

15-01-2024T17:45:25 - [MESSAGE][PASSED] - Object: 'Object Repository/Page_CURA Healthcare Service/a_Profile' is clicked on

15-01-2024T17:45:25 - [TEST_STEP][PASSED] - click(findTestObject("Object Repository/Page_CURA Healthcare Service/h2_Profile")): Object: 'Object Repository/Page_CURA Healthcare Service/h2_Profile' is clicked on

15-01-2024T17:45:25 - [MESSAGE][PASSED] - Object: 'Object Repository/Page_CURA Healthcare Service/h2_Profile' is clicked on

15-01-2024T17:45:25 - [TEST_STEP][PASSED] - closeBrowser(): Browser is closed

15-01-2024T17:45:26 - [MESSAGE][PASSED] - Browser is closed]]></system-out>
         <system-err><![CDATA[]]></system-err>
      </testcase>
      <system-out><![CDATA[15-01-2024T17:45:04 - [TEST_SUITE][PASSED] - 001_CURA_TEST_SUITE_LOGIN_AND_NAV_LINKS_VALIDATION: Test Cases/002_CURA_Navbar_Links_Validation]]></system-out>
      <system-err><![CDATA[]]></system-err>
   </testsuite>
</testsuites>
