<?xml version="1.0" encoding="UTF-8"?>
<testsuites name="002_CURA_TEST_SUITE_VALIDATE_MAKING_AN_APPOINTMENT" time="18.051" tests="2" failures="0" errors="0">
   <testsuite name="002_CURA_TEST_SUITE_VALIDATE_MAKING_AN_APPOINTMENT" tests="2" failures="0" errors="0" time="18.051" skipped="0" timestamp="15-01-2024T17:55:48" hostname="mohamed irfaan - Kai-Hiwatari" id="Test Suites/002_CURA_TEST_SUITE_VALIDATE_MAKING_AN_APPOINTMENT">
      <properties>
         <property name="deviceName" value=""/>
         <property name="devicePlatform" value=""/>
         <property name="logFolder" value="D:\\git\\SI-GuidedProject-705137-1704818346\\CURA_Health_Care\\Reports\\20240115_175540\\002_CURA_TEST_SUITE_VALIDATE_MAKING_AN_APPOINTMENT\\20240115_175541"/>
         <property name="logFiles" value="D:\\git\\SI-GuidedProject-705137-1704818346\\CURA_Health_Care\\Reports\\20240115_175540\\002_CURA_TEST_SUITE_VALIDATE_MAKING_AN_APPOINTMENT\\20240115_175541\\execution0.log"/>
         <property name="attachments" value=""/>
         <property name="hostName" value="mohamed irfaan - Kai-Hiwatari"/>
         <property name="os" value="Windows 11 64bit"/>
         <property name="katalonVersion" value="9.1.0.212"/>
         <property name="browser" value="Chrome 120.0.0.0"/>
         <property name="hostAddress" value="192.168.43.248"/>
         <property name="sessionId" value="439340783018194d6fb606af369ebd73"/>
         <property name="seleniumVersion" value="3.141.59"/>
         <property name="proxyInformation" value="ProxyInformation { proxyOption=NO_PROXY, proxyServerType=HTTP, username=, password=********, proxyServerAddress=, proxyServerPort=0, executionList=&quot;&quot;, isApplyToDesiredCapabilities=true }"/>
         <property name="platform" value="Windows 11"/>
      </properties>
      <testcase name="Test Cases/001_CURA_Login_Validation" time="10.934" classname="Test Cases/001_CURA_Login_Validation" status="PASSED">
         <system-out><![CDATA[15-01-2024T17:55:48 - [TEST_CASE][PASSED] - Test Cases/001_CURA_Login_Validation: Test Cases/001_CURA_Login_Validation

15-01-2024T17:55:48 - [TEST_STEP][PASSED] - openBrowser(""): Browser is opened with url: ''

15-01-2024T17:55:48 - [MESSAGE][INFO] - Starting 'Chrome' driver

15-01-2024T17:55:48 - [MESSAGE][INFO] - Action delay is set to 0 milliseconds

15-01-2024T17:55:50 - [MESSAGE][PASSED] - Browser is opened with url: ''

15-01-2024T17:55:50 - [TEST_STEP][PASSED] - navigateToUrl("https://katalon-demo-cura.herokuapp.com/"): Navigate to 'https://katalon-demo-cura.herokuapp.com/' successfully

15-01-2024T17:55:54 - [MESSAGE][PASSED] - Navigate to 'https://katalon-demo-cura.herokuapp.com/' successfully

15-01-2024T17:55:54 - [TEST_STEP][PASSED] - click(findTestObject("Object Repository/Page_CURA Healthcare Service/i_fa fa-bars")): Object: 'Object Repository/Page_CURA Healthcare Service/i_fa fa-bars' is clicked on

15-01-2024T17:55:54 - [MESSAGE][PASSED] - Object: 'Object Repository/Page_CURA Healthcare Service/i_fa fa-bars' is clicked on

15-01-2024T17:55:54 - [TEST_STEP][PASSED] - click(findTestObject("Object Repository/Page_CURA Healthcare Service/a_Login")): Object: 'Object Repository/Page_CURA Healthcare Service/a_Login' is clicked on

15-01-2024T17:55:56 - [MESSAGE][PASSED] - Object: 'Object Repository/Page_CURA Healthcare Service/a_Login' is clicked on

15-01-2024T17:55:56 - [TEST_STEP][PASSED] - setText(findTestObject("Object Repository/Page_CURA Healthcare Service/input_username"), "John Doe"): Text 'John Doe' is set on object 'Object Repository/Page_CURA Healthcare Service/input_username'

15-01-2024T17:55:57 - [MESSAGE][PASSED] - Text 'John Doe' is set on object 'Object Repository/Page_CURA Healthcare Service/input_username'

15-01-2024T17:55:57 - [TEST_STEP][PASSED] - setEncryptedText(findTestObject("Object Repository/Page_CURA Healthcare Service/input_password"), "g3/DOGG74jC3Flrr3yH+3D/yKbOqqUNM"): Text ****** has been set on object 'Object Repository/Page_CURA Healthcare Service/input_password'

15-01-2024T17:55:57 - [MESSAGE][PASSED] - Text ****** has been set on object 'Object Repository/Page_CURA Healthcare Service/input_password'

15-01-2024T17:55:57 - [TEST_STEP][PASSED] - click(findTestObject("Object Repository/Page_CURA Healthcare Service/button_Login")): Object: 'Object Repository/Page_CURA Healthcare Service/button_Login' is clicked on

15-01-2024T17:55:58 - [MESSAGE][PASSED] - Object: 'Object Repository/Page_CURA Healthcare Service/button_Login' is clicked on

15-01-2024T17:55:58 - [TEST_STEP][PASSED] - click(findTestObject("Object Repository/Page_CURA Healthcare Service/h2_Make Appointment")): Object: 'Object Repository/Page_CURA Healthcare Service/h2_Make Appointment' is clicked on

15-01-2024T17:55:59 - [MESSAGE][PASSED] - Object: 'Object Repository/Page_CURA Healthcare Service/h2_Make Appointment' is clicked on]]></system-out>
         <system-err><![CDATA[]]></system-err>
      </testcase>
      <testcase name="Test Cases/003_CURA_Validate_for_making_appointment" time="6.95" classname="Test Cases/003_CURA_Validate_for_making_appointment" status="PASSED">
         <system-out><![CDATA[15-01-2024T17:55:59 - [TEST_CASE][PASSED] - Test Cases/003_CURA_Validate_for_making_appointment: Test Cases/003_CURA_Validate_for_making_appointment

15-01-2024T17:55:59 - [TEST_STEP][PASSED] - selectOptionByValue(findTestObject("Object Repository/Page_CURA Healthcare Service/select_Tokyo CURA Healthcare Center        _5b4107"), "Hongkong CURA Healthcare Center", true): All options with value 'Hongkong CURA Healthcare Center' are selected in object 'Object Repository/Page_CURA Healthcare Service/select_Tokyo CURA Healthcare Center        _5b4107'  using regular expression

15-01-2024T17:56:00 - [MESSAGE][PASSED] - All options with value 'Hongkong CURA Healthcare Center' are selected in object 'Object Repository/Page_CURA Healthcare Service/select_Tokyo CURA Healthcare Center        _5b4107'  using regular expression

15-01-2024T17:56:00 - [TEST_STEP][PASSED] - click(findTestObject("Object Repository/Page_CURA Healthcare Service/input_hospital_readmission")): Object: 'Object Repository/Page_CURA Healthcare Service/input_hospital_readmission' is clicked on

15-01-2024T17:56:01 - [MESSAGE][PASSED] - Object: 'Object Repository/Page_CURA Healthcare Service/input_hospital_readmission' is clicked on

15-01-2024T17:56:01 - [TEST_STEP][PASSED] - click(findTestObject("Object Repository/Page_CURA Healthcare Service/label_Medicaid")): Object: 'Object Repository/Page_CURA Healthcare Service/label_Medicaid' is clicked on

15-01-2024T17:56:01 - [MESSAGE][PASSED] - Object: 'Object Repository/Page_CURA Healthcare Service/label_Medicaid' is clicked on

15-01-2024T17:56:01 - [TEST_STEP][PASSED] - click(findTestObject("Object Repository/Page_CURA Healthcare Service/span_glyphicon glyphicon-calendar")): Object: 'Object Repository/Page_CURA Healthcare Service/span_glyphicon glyphicon-calendar' is clicked on

15-01-2024T17:56:01 - [MESSAGE][PASSED] - Object: 'Object Repository/Page_CURA Healthcare Service/span_glyphicon glyphicon-calendar' is clicked on

15-01-2024T17:56:01 - [TEST_STEP][PASSED] - click(findTestObject("Object Repository/Page_CURA Healthcare Service/td_24")): Object: 'Object Repository/Page_CURA Healthcare Service/td_24' is clicked on

15-01-2024T17:56:02 - [MESSAGE][PASSED] - Object: 'Object Repository/Page_CURA Healthcare Service/td_24' is clicked on

15-01-2024T17:56:02 - [TEST_STEP][PASSED] - setText(findTestObject("Object Repository/Page_CURA Healthcare Service/textarea_comment"), "Waiting for approval"): Text 'Waiting for approval' is set on object 'Object Repository/Page_CURA Healthcare Service/textarea_comment'

15-01-2024T17:56:03 - [MESSAGE][PASSED] - Text 'Waiting for approval' is set on object 'Object Repository/Page_CURA Healthcare Service/textarea_comment'

15-01-2024T17:56:03 - [TEST_STEP][PASSED] - click(findTestObject("Object Repository/Page_CURA Healthcare Service/button_Book Appointment")): Object: 'Object Repository/Page_CURA Healthcare Service/button_Book Appointment' is clicked on

15-01-2024T17:56:04 - [MESSAGE][PASSED] - Object: 'Object Repository/Page_CURA Healthcare Service/button_Book Appointment' is clicked on

15-01-2024T17:56:04 - [TEST_STEP][PASSED] - click(findTestObject("Object Repository/Page_CURA Healthcare Service/h2_Appointment Confirmation")): Object: 'Object Repository/Page_CURA Healthcare Service/h2_Appointment Confirmation' is clicked on

15-01-2024T17:56:04 - [MESSAGE][PASSED] - Object: 'Object Repository/Page_CURA Healthcare Service/h2_Appointment Confirmation' is clicked on

15-01-2024T17:56:04 - [TEST_STEP][PASSED] - click(findTestObject("Object Repository/Page_CURA Healthcare Service/a_Go to Homepage")): Object: 'Object Repository/Page_CURA Healthcare Service/a_Go to Homepage' is clicked on

15-01-2024T17:56:05 - [MESSAGE][PASSED] - Object: 'Object Repository/Page_CURA Healthcare Service/a_Go to Homepage' is clicked on

15-01-2024T17:56:06 - [TEST_STEP][PASSED] - closeBrowser(): Browser is closed

15-01-2024T17:56:06 - [MESSAGE][PASSED] - Browser is closed]]></system-out>
         <system-err><![CDATA[]]></system-err>
      </testcase>
      <system-out><![CDATA[15-01-2024T17:55:48 - [TEST_SUITE][PASSED] - 002_CURA_TEST_SUITE_VALIDATE_MAKING_AN_APPOINTMENT: Test Cases/003_CURA_Validate_for_making_appointment]]></system-out>
      <system-err><![CDATA[]]></system-err>
   </testsuite>
</testsuites>
